2019-03-07 12:14:18 DEBUG SpringJUnit4ClassRunner:139 - SpringJUnit4ClassRunner constructor called with [class com.spring.quickstart.UserDaoTest]
2019-03-07 12:14:18 DEBUG BootstrapUtils:96 - Instantiating CacheAwareContextLoaderDelegate from class [org.springframework.test.context.cache.DefaultCacheAwareContextLoaderDelegate]
2019-03-07 12:14:18 DEBUG BootstrapUtils:79 - Instantiating BootstrapContext using constructor [public org.springframework.test.context.support.DefaultBootstrapContext(java.lang.Class,org.springframework.test.context.CacheAwareContextLoaderDelegate)]
2019-03-07 12:14:18 DEBUG BootstrapUtils:132 - Instantiating TestContextBootstrapper for test class [com.spring.quickstart.UserDaoTest] from class [org.springframework.test.context.support.DefaultTestContextBootstrapper]
2019-03-07 12:14:18 DEBUG AbstractDelegatingSmartContextLoader:263 - Delegating to GenericXmlContextLoader to process context configuration [ContextConfigurationAttributes@5034c75a declaringClass = 'com.spring.quickstart.UserDaoTest', classes = '{}', locations = '{/sql.xml}', inheritLocations = true, initializers = '{}', inheritInitializers = true, name = [null], contextLoaderClass = 'org.springframework.test.context.ContextLoader'].
2019-03-07 12:14:18 DEBUG ActiveProfilesUtils:79 - Could not find an 'annotation declaring class' for annotation type [org.springframework.test.context.ActiveProfiles] and class [com.spring.quickstart.UserDaoTest]
2019-03-07 12:14:18 DEBUG DefaultTestContextBootstrapper:125 - @TestExecutionListeners is not present for class [com.spring.quickstart.UserDaoTest]: using defaults.
2019-03-07 12:14:18  INFO DefaultTestContextBootstrapper:248 - Loaded default TestExecutionListener class names from location [META-INF/spring.factories]: [org.springframework.test.context.web.ServletTestExecutionListener, org.springframework.test.context.support.DirtiesContextBeforeModesTestExecutionListener, org.springframework.test.context.support.DependencyInjectionTestExecutionListener, org.springframework.test.context.support.DirtiesContextTestExecutionListener, org.springframework.test.context.transaction.TransactionalTestExecutionListener, org.springframework.test.context.jdbc.SqlScriptsTestExecutionListener]
2019-03-07 12:14:18 DEBUG DefaultTestContextBootstrapper:192 - Skipping candidate TestExecutionListener [org.springframework.test.context.web.ServletTestExecutionListener] due to a missing dependency. Specify custom listener classes or make the default listener classes and their required dependencies available. Offending class: [javax/servlet/ServletContext]
2019-03-07 12:14:18 DEBUG DefaultTestContextBootstrapper:192 - Skipping candidate TestExecutionListener [org.springframework.test.context.transaction.TransactionalTestExecutionListener] due to a missing dependency. Specify custom listener classes or make the default listener classes and their required dependencies available. Offending class: [org/springframework/transaction/interceptor/TransactionAttributeSource]
2019-03-07 12:14:18 DEBUG DefaultTestContextBootstrapper:192 - Skipping candidate TestExecutionListener [org.springframework.test.context.jdbc.SqlScriptsTestExecutionListener] due to a missing dependency. Specify custom listener classes or make the default listener classes and their required dependencies available. Offending class: [org/springframework/transaction/interceptor/TransactionAttribute]
2019-03-07 12:14:18  INFO DefaultTestContextBootstrapper:177 - Using TestExecutionListeners: [org.springframework.test.context.support.DirtiesContextBeforeModesTestExecutionListener@3c0ecd4b, org.springframework.test.context.support.DependencyInjectionTestExecutionListener@14bf9759, org.springframework.test.context.support.DirtiesContextTestExecutionListener@5f341870]
2019-03-07 12:14:18 DEBUG ProfileValueUtils:70 - Retrieved @ProfileValueSourceConfiguration [null] for test class [com.spring.quickstart.UserDaoTest]
2019-03-07 12:14:18 DEBUG ProfileValueUtils:83 - Retrieved ProfileValueSource type [class org.springframework.test.annotation.SystemProfileValueSource] for class [com.spring.quickstart.UserDaoTest]
2019-03-07 12:14:18 DEBUG ProfileValueUtils:70 - Retrieved @ProfileValueSourceConfiguration [null] for test class [com.spring.quickstart.UserDaoTest]
2019-03-07 12:14:18 DEBUG ProfileValueUtils:83 - Retrieved ProfileValueSource type [class org.springframework.test.annotation.SystemProfileValueSource] for class [com.spring.quickstart.UserDaoTest]
2019-03-07 12:14:18 DEBUG ProfileValueUtils:70 - Retrieved @ProfileValueSourceConfiguration [null] for test class [com.spring.quickstart.UserDaoTest]
2019-03-07 12:14:18 DEBUG ProfileValueUtils:83 - Retrieved ProfileValueSource type [class org.springframework.test.annotation.SystemProfileValueSource] for class [com.spring.quickstart.UserDaoTest]
2019-03-07 12:14:18 DEBUG ProfileValueUtils:70 - Retrieved @ProfileValueSourceConfiguration [null] for test class [com.spring.quickstart.UserDaoTest]
2019-03-07 12:14:18 DEBUG ProfileValueUtils:83 - Retrieved ProfileValueSource type [class org.springframework.test.annotation.SystemProfileValueSource] for class [com.spring.quickstart.UserDaoTest]
2019-03-07 12:14:18 DEBUG AbstractDirtiesContextTestExecutionListener:142 - Before test class: context [DefaultTestContext@dc24521 testClass = UserDaoTest, testInstance = [null], testMethod = [null], testException = [null], mergedContextConfiguration = [MergedContextConfiguration@10bdf5e5 testClass = UserDaoTest, locations = '{classpath:/sql.xml}', classes = '{}', contextInitializerClasses = '[]', activeProfiles = '{}', propertySourceLocations = '{}', propertySourceProperties = '{}', contextCustomizers = set[[empty]], contextLoader = 'org.springframework.test.context.support.DelegatingSmartContextLoader', parent = [null]], attributes = map[[empty]]], class annotated with @DirtiesContext [false] with mode [null].
2019-03-07 12:14:18 DEBUG ProfileValueUtils:70 - Retrieved @ProfileValueSourceConfiguration [null] for test class [com.spring.quickstart.UserDaoTest]
2019-03-07 12:14:18 DEBUG ProfileValueUtils:83 - Retrieved ProfileValueSource type [class org.springframework.test.annotation.SystemProfileValueSource] for class [com.spring.quickstart.UserDaoTest]
2019-03-07 12:14:18 DEBUG DependencyInjectionTestExecutionListener:81 - Performing dependency injection for test context [[DefaultTestContext@dc24521 testClass = UserDaoTest, testInstance = com.spring.quickstart.UserDaoTest@544fe44c, testMethod = [null], testException = [null], mergedContextConfiguration = [MergedContextConfiguration@10bdf5e5 testClass = UserDaoTest, locations = '{classpath:/sql.xml}', classes = '{}', contextInitializerClasses = '[]', activeProfiles = '{}', propertySourceLocations = '{}', propertySourceProperties = '{}', contextCustomizers = set[[empty]], contextLoader = 'org.springframework.test.context.support.DelegatingSmartContextLoader', parent = [null]], attributes = map[[empty]]]].
2019-03-07 12:14:18 DEBUG AbstractDelegatingSmartContextLoader:273 - Delegating to GenericXmlContextLoader to load context from [MergedContextConfiguration@10bdf5e5 testClass = UserDaoTest, locations = '{classpath:/sql.xml}', classes = '{}', contextInitializerClasses = '[]', activeProfiles = '{}', propertySourceLocations = '{}', propertySourceProperties = '{}', contextCustomizers = set[[empty]], contextLoader = 'org.springframework.test.context.support.DelegatingSmartContextLoader', parent = [null]].
2019-03-07 12:14:18 DEBUG AbstractGenericContextLoader:109 - Loading ApplicationContext for merged context configuration [[MergedContextConfiguration@10bdf5e5 testClass = UserDaoTest, locations = '{classpath:/sql.xml}', classes = '{}', contextInitializerClasses = '[]', activeProfiles = '{}', propertySourceLocations = '{}', propertySourceProperties = '{}', contextCustomizers = set[[empty]], contextLoader = 'org.springframework.test.context.support.DelegatingSmartContextLoader', parent = [null]]].
2019-03-07 12:14:18 DEBUG StandardEnvironment:252 - Activating profiles []
2019-03-07 12:14:19 DEBUG XmlBeanDefinitionReader:395 - Loaded 5 bean definitions from class path resource [sql.xml]
2019-03-07 12:14:19 DEBUG GenericApplicationContext:594 - Refreshing org.springframework.context.support.GenericApplicationContext@7fac631b
2019-03-07 12:14:19 DEBUG DefaultListableBeanFactory:213 - Creating shared instance of singleton bean 'org.springframework.context.annotation.internalConfigurationAnnotationProcessor'
2019-03-07 12:14:19 DEBUG DefaultListableBeanFactory:213 - Creating shared instance of singleton bean 'org.springframework.context.event.internalEventListenerProcessor'
2019-03-07 12:14:19 DEBUG DefaultListableBeanFactory:213 - Creating shared instance of singleton bean 'org.springframework.context.event.internalEventListenerFactory'
2019-03-07 12:14:19 DEBUG DefaultListableBeanFactory:213 - Creating shared instance of singleton bean 'org.springframework.context.annotation.internalAutowiredAnnotationProcessor'
2019-03-07 12:14:19 DEBUG DefaultListableBeanFactory:213 - Creating shared instance of singleton bean 'org.springframework.context.annotation.internalCommonAnnotationProcessor'
2019-03-07 12:14:19 DEBUG DefaultListableBeanFactory:213 - Creating shared instance of singleton bean 'org.springframework.aop.config.internalAutoProxyCreator'
2019-03-07 12:14:19 DEBUG DefaultListableBeanFactory:213 - Creating shared instance of singleton bean 'userDao'
2019-03-07 12:14:19 DEBUG DefaultListableBeanFactory:213 - Creating shared instance of singleton bean 'org.springframework.aop.aspectj.AspectJPointcutAdvisor#0'
2019-03-07 12:14:20 DEBUG DefaultListableBeanFactory:213 - Creating shared instance of singleton bean 'advice'
2019-03-07 12:14:20 DEBUG DefaultCacheAwareContextLoaderDelegate:119 - Storing ApplicationContext in cache under key [[MergedContextConfiguration@10bdf5e5 testClass = UserDaoTest, locations = '{classpath:/sql.xml}', classes = '{}', contextInitializerClasses = '[]', activeProfiles = '{}', propertySourceLocations = '{}', propertySourceProperties = '{}', contextCustomizers = set[[empty]], contextLoader = 'org.springframework.test.context.support.DelegatingSmartContextLoader', parent = [null]]]
2019-03-07 12:14:20 DEBUG cache:290 - Spring test ApplicationContext cache statistics: [DefaultContextCache@50caa560 size = 1, maxSize = 32, parentContextCount = 0, hitCount = 0, missCount = 1]
2019-03-07 12:14:20 DEBUG AbstractDirtiesContextTestExecutionListener:107 - Before test method: context [DefaultTestContext@dc24521 testClass = UserDaoTest, testInstance = com.spring.quickstart.UserDaoTest@544fe44c, testMethod = insert@UserDaoTest, testException = [null], mergedContextConfiguration = [MergedContextConfiguration@10bdf5e5 testClass = UserDaoTest, locations = '{classpath:/sql.xml}', classes = '{}', contextInitializerClasses = '[]', activeProfiles = '{}', propertySourceLocations = '{}', propertySourceProperties = '{}', contextCustomizers = set[[empty]], contextLoader = 'org.springframework.test.context.support.DelegatingSmartContextLoader', parent = [null]], attributes = map[[empty]]], class annotated with @DirtiesContext [false] with mode [null], method annotated with @DirtiesContext [false] with mode [null].
2019-03-07 12:14:20  INFO Hello:10 - 连接数据库。。。
2019-03-07 12:14:20  INFO Hello:11 - 开始进行插入操作
2019-03-07 12:14:20 DEBUG AbstractDirtiesContextTestExecutionListener:107 - After test method: context [DefaultTestContext@dc24521 testClass = UserDaoTest, testInstance = com.spring.quickstart.UserDaoTest@544fe44c, testMethod = insert@UserDaoTest, testException = [null], mergedContextConfiguration = [MergedContextConfiguration@10bdf5e5 testClass = UserDaoTest, locations = '{classpath:/sql.xml}', classes = '{}', contextInitializerClasses = '[]', activeProfiles = '{}', propertySourceLocations = '{}', propertySourceProperties = '{}', contextCustomizers = set[[empty]], contextLoader = 'org.springframework.test.context.support.DelegatingSmartContextLoader', parent = [null]], attributes = map[[empty]]], class annotated with @DirtiesContext [false] with mode [null], method annotated with @DirtiesContext [false] with mode [null].
2019-03-07 12:14:20 DEBUG AbstractDirtiesContextTestExecutionListener:142 - After test class: context [DefaultTestContext@dc24521 testClass = UserDaoTest, testInstance = [null], testMethod = [null], testException = [null], mergedContextConfiguration = [MergedContextConfiguration@10bdf5e5 testClass = UserDaoTest, locations = '{classpath:/sql.xml}', classes = '{}', contextInitializerClasses = '[]', activeProfiles = '{}', propertySourceLocations = '{}', propertySourceProperties = '{}', contextCustomizers = set[[empty]], contextLoader = 'org.springframework.test.context.support.DelegatingSmartContextLoader', parent = [null]], attributes = map[[empty]]], class annotated with @DirtiesContext [false] with mode [null].
2019-03-07 12:14:20 DEBUG GenericApplicationContext:1002 - Closing org.springframework.context.support.GenericApplicationContext@7fac631b, started on Thu Mar 07 12:14:19 CST 2019
2019-03-07 12:15:57 DEBUG SpringJUnit4ClassRunner:139 - SpringJUnit4ClassRunner constructor called with [class com.spring.quickstart.UserDaoTest]
2019-03-07 12:15:57 DEBUG BootstrapUtils:96 - Instantiating CacheAwareContextLoaderDelegate from class [org.springframework.test.context.cache.DefaultCacheAwareContextLoaderDelegate]
2019-03-07 12:15:57 DEBUG BootstrapUtils:79 - Instantiating BootstrapContext using constructor [public org.springframework.test.context.support.DefaultBootstrapContext(java.lang.Class,org.springframework.test.context.CacheAwareContextLoaderDelegate)]
2019-03-07 12:15:57 DEBUG BootstrapUtils:132 - Instantiating TestContextBootstrapper for test class [com.spring.quickstart.UserDaoTest] from class [org.springframework.test.context.support.DefaultTestContextBootstrapper]
2019-03-07 12:15:57 DEBUG AbstractDelegatingSmartContextLoader:263 - Delegating to GenericXmlContextLoader to process context configuration [ContextConfigurationAttributes@5034c75a declaringClass = 'com.spring.quickstart.UserDaoTest', classes = '{}', locations = '{/sql.xml}', inheritLocations = true, initializers = '{}', inheritInitializers = true, name = [null], contextLoaderClass = 'org.springframework.test.context.ContextLoader'].
2019-03-07 12:15:57 DEBUG ActiveProfilesUtils:79 - Could not find an 'annotation declaring class' for annotation type [org.springframework.test.context.ActiveProfiles] and class [com.spring.quickstart.UserDaoTest]
2019-03-07 12:15:57 DEBUG DefaultTestContextBootstrapper:125 - @TestExecutionListeners is not present for class [com.spring.quickstart.UserDaoTest]: using defaults.
2019-03-07 12:15:57  INFO DefaultTestContextBootstrapper:248 - Loaded default TestExecutionListener class names from location [META-INF/spring.factories]: [org.springframework.test.context.web.ServletTestExecutionListener, org.springframework.test.context.support.DirtiesContextBeforeModesTestExecutionListener, org.springframework.test.context.support.DependencyInjectionTestExecutionListener, org.springframework.test.context.support.DirtiesContextTestExecutionListener, org.springframework.test.context.transaction.TransactionalTestExecutionListener, org.springframework.test.context.jdbc.SqlScriptsTestExecutionListener]
2019-03-07 12:15:57 DEBUG DefaultTestContextBootstrapper:192 - Skipping candidate TestExecutionListener [org.springframework.test.context.web.ServletTestExecutionListener] due to a missing dependency. Specify custom listener classes or make the default listener classes and their required dependencies available. Offending class: [javax/servlet/ServletContext]
2019-03-07 12:15:57 DEBUG DefaultTestContextBootstrapper:192 - Skipping candidate TestExecutionListener [org.springframework.test.context.transaction.TransactionalTestExecutionListener] due to a missing dependency. Specify custom listener classes or make the default listener classes and their required dependencies available. Offending class: [org/springframework/transaction/interceptor/TransactionAttributeSource]
2019-03-07 12:15:57 DEBUG DefaultTestContextBootstrapper:192 - Skipping candidate TestExecutionListener [org.springframework.test.context.jdbc.SqlScriptsTestExecutionListener] due to a missing dependency. Specify custom listener classes or make the default listener classes and their required dependencies available. Offending class: [org/springframework/transaction/interceptor/TransactionAttribute]
2019-03-07 12:15:57  INFO DefaultTestContextBootstrapper:177 - Using TestExecutionListeners: [org.springframework.test.context.support.DirtiesContextBeforeModesTestExecutionListener@3c0ecd4b, org.springframework.test.context.support.DependencyInjectionTestExecutionListener@14bf9759, org.springframework.test.context.support.DirtiesContextTestExecutionListener@5f341870]
2019-03-07 12:15:57 DEBUG ProfileValueUtils:70 - Retrieved @ProfileValueSourceConfiguration [null] for test class [com.spring.quickstart.UserDaoTest]
2019-03-07 12:15:57 DEBUG ProfileValueUtils:83 - Retrieved ProfileValueSource type [class org.springframework.test.annotation.SystemProfileValueSource] for class [com.spring.quickstart.UserDaoTest]
2019-03-07 12:15:57 DEBUG ProfileValueUtils:70 - Retrieved @ProfileValueSourceConfiguration [null] for test class [com.spring.quickstart.UserDaoTest]
2019-03-07 12:15:57 DEBUG ProfileValueUtils:83 - Retrieved ProfileValueSource type [class org.springframework.test.annotation.SystemProfileValueSource] for class [com.spring.quickstart.UserDaoTest]
2019-03-07 12:15:57 DEBUG ProfileValueUtils:70 - Retrieved @ProfileValueSourceConfiguration [null] for test class [com.spring.quickstart.UserDaoTest]
2019-03-07 12:15:57 DEBUG ProfileValueUtils:83 - Retrieved ProfileValueSource type [class org.springframework.test.annotation.SystemProfileValueSource] for class [com.spring.quickstart.UserDaoTest]
2019-03-07 12:15:57 DEBUG ProfileValueUtils:70 - Retrieved @ProfileValueSourceConfiguration [null] for test class [com.spring.quickstart.UserDaoTest]
2019-03-07 12:15:57 DEBUG ProfileValueUtils:83 - Retrieved ProfileValueSource type [class org.springframework.test.annotation.SystemProfileValueSource] for class [com.spring.quickstart.UserDaoTest]
2019-03-07 12:15:57 DEBUG AbstractDirtiesContextTestExecutionListener:142 - Before test class: context [DefaultTestContext@dc24521 testClass = UserDaoTest, testInstance = [null], testMethod = [null], testException = [null], mergedContextConfiguration = [MergedContextConfiguration@10bdf5e5 testClass = UserDaoTest, locations = '{classpath:/sql.xml}', classes = '{}', contextInitializerClasses = '[]', activeProfiles = '{}', propertySourceLocations = '{}', propertySourceProperties = '{}', contextCustomizers = set[[empty]], contextLoader = 'org.springframework.test.context.support.DelegatingSmartContextLoader', parent = [null]], attributes = map[[empty]]], class annotated with @DirtiesContext [false] with mode [null].
2019-03-07 12:15:57 DEBUG ProfileValueUtils:70 - Retrieved @ProfileValueSourceConfiguration [null] for test class [com.spring.quickstart.UserDaoTest]
2019-03-07 12:15:57 DEBUG ProfileValueUtils:83 - Retrieved ProfileValueSource type [class org.springframework.test.annotation.SystemProfileValueSource] for class [com.spring.quickstart.UserDaoTest]
2019-03-07 12:15:57 DEBUG DependencyInjectionTestExecutionListener:81 - Performing dependency injection for test context [[DefaultTestContext@dc24521 testClass = UserDaoTest, testInstance = com.spring.quickstart.UserDaoTest@544fe44c, testMethod = [null], testException = [null], mergedContextConfiguration = [MergedContextConfiguration@10bdf5e5 testClass = UserDaoTest, locations = '{classpath:/sql.xml}', classes = '{}', contextInitializerClasses = '[]', activeProfiles = '{}', propertySourceLocations = '{}', propertySourceProperties = '{}', contextCustomizers = set[[empty]], contextLoader = 'org.springframework.test.context.support.DelegatingSmartContextLoader', parent = [null]], attributes = map[[empty]]]].
2019-03-07 12:15:57 DEBUG AbstractDelegatingSmartContextLoader:273 - Delegating to GenericXmlContextLoader to load context from [MergedContextConfiguration@10bdf5e5 testClass = UserDaoTest, locations = '{classpath:/sql.xml}', classes = '{}', contextInitializerClasses = '[]', activeProfiles = '{}', propertySourceLocations = '{}', propertySourceProperties = '{}', contextCustomizers = set[[empty]], contextLoader = 'org.springframework.test.context.support.DelegatingSmartContextLoader', parent = [null]].
2019-03-07 12:15:57 DEBUG AbstractGenericContextLoader:109 - Loading ApplicationContext for merged context configuration [[MergedContextConfiguration@10bdf5e5 testClass = UserDaoTest, locations = '{classpath:/sql.xml}', classes = '{}', contextInitializerClasses = '[]', activeProfiles = '{}', propertySourceLocations = '{}', propertySourceProperties = '{}', contextCustomizers = set[[empty]], contextLoader = 'org.springframework.test.context.support.DelegatingSmartContextLoader', parent = [null]]].
2019-03-07 12:15:57 DEBUG StandardEnvironment:252 - Activating profiles []
2019-03-07 12:15:57 DEBUG XmlBeanDefinitionReader:395 - Loaded 5 bean definitions from class path resource [sql.xml]
2019-03-07 12:15:57 DEBUG GenericApplicationContext:594 - Refreshing org.springframework.context.support.GenericApplicationContext@7fac631b
2019-03-07 12:15:57 DEBUG DefaultListableBeanFactory:213 - Creating shared instance of singleton bean 'org.springframework.context.annotation.internalConfigurationAnnotationProcessor'
2019-03-07 12:15:57 DEBUG DefaultListableBeanFactory:213 - Creating shared instance of singleton bean 'org.springframework.context.event.internalEventListenerProcessor'
2019-03-07 12:15:57 DEBUG DefaultListableBeanFactory:213 - Creating shared instance of singleton bean 'org.springframework.context.event.internalEventListenerFactory'
2019-03-07 12:15:57 DEBUG DefaultListableBeanFactory:213 - Creating shared instance of singleton bean 'org.springframework.context.annotation.internalAutowiredAnnotationProcessor'
2019-03-07 12:15:57 DEBUG DefaultListableBeanFactory:213 - Creating shared instance of singleton bean 'org.springframework.context.annotation.internalCommonAnnotationProcessor'
2019-03-07 12:15:57 DEBUG DefaultListableBeanFactory:213 - Creating shared instance of singleton bean 'org.springframework.aop.config.internalAutoProxyCreator'
2019-03-07 12:15:57 DEBUG DefaultListableBeanFactory:213 - Creating shared instance of singleton bean 'userDao'
2019-03-07 12:15:57 DEBUG DefaultListableBeanFactory:213 - Creating shared instance of singleton bean 'org.springframework.aop.aspectj.AspectJPointcutAdvisor#0'
2019-03-07 12:15:58 DEBUG DefaultListableBeanFactory:213 - Creating shared instance of singleton bean 'advice'
2019-03-07 12:15:58 DEBUG DefaultCacheAwareContextLoaderDelegate:119 - Storing ApplicationContext in cache under key [[MergedContextConfiguration@10bdf5e5 testClass = UserDaoTest, locations = '{classpath:/sql.xml}', classes = '{}', contextInitializerClasses = '[]', activeProfiles = '{}', propertySourceLocations = '{}', propertySourceProperties = '{}', contextCustomizers = set[[empty]], contextLoader = 'org.springframework.test.context.support.DelegatingSmartContextLoader', parent = [null]]]
2019-03-07 12:15:58 DEBUG cache:290 - Spring test ApplicationContext cache statistics: [DefaultContextCache@50caa560 size = 1, maxSize = 32, parentContextCount = 0, hitCount = 0, missCount = 1]
2019-03-07 12:15:58 DEBUG AbstractDirtiesContextTestExecutionListener:107 - Before test method: context [DefaultTestContext@dc24521 testClass = UserDaoTest, testInstance = com.spring.quickstart.UserDaoTest@544fe44c, testMethod = insert@UserDaoTest, testException = [null], mergedContextConfiguration = [MergedContextConfiguration@10bdf5e5 testClass = UserDaoTest, locations = '{classpath:/sql.xml}', classes = '{}', contextInitializerClasses = '[]', activeProfiles = '{}', propertySourceLocations = '{}', propertySourceProperties = '{}', contextCustomizers = set[[empty]], contextLoader = 'org.springframework.test.context.support.DelegatingSmartContextLoader', parent = [null]], attributes = map[[empty]]], class annotated with @DirtiesContext [false] with mode [null], method annotated with @DirtiesContext [false] with mode [null].
2019-03-07 12:15:58  INFO UserDao:10 - 连接数据库。。。
2019-03-07 12:15:58  INFO UserDao:11 - 开始进行插入操作
2019-03-07 12:15:58 DEBUG AbstractDirtiesContextTestExecutionListener:107 - After test method: context [DefaultTestContext@dc24521 testClass = UserDaoTest, testInstance = com.spring.quickstart.UserDaoTest@544fe44c, testMethod = insert@UserDaoTest, testException = [null], mergedContextConfiguration = [MergedContextConfiguration@10bdf5e5 testClass = UserDaoTest, locations = '{classpath:/sql.xml}', classes = '{}', contextInitializerClasses = '[]', activeProfiles = '{}', propertySourceLocations = '{}', propertySourceProperties = '{}', contextCustomizers = set[[empty]], contextLoader = 'org.springframework.test.context.support.DelegatingSmartContextLoader', parent = [null]], attributes = map[[empty]]], class annotated with @DirtiesContext [false] with mode [null], method annotated with @DirtiesContext [false] with mode [null].
2019-03-07 12:15:58 DEBUG AbstractDirtiesContextTestExecutionListener:142 - After test class: context [DefaultTestContext@dc24521 testClass = UserDaoTest, testInstance = [null], testMethod = [null], testException = [null], mergedContextConfiguration = [MergedContextConfiguration@10bdf5e5 testClass = UserDaoTest, locations = '{classpath:/sql.xml}', classes = '{}', contextInitializerClasses = '[]', activeProfiles = '{}', propertySourceLocations = '{}', propertySourceProperties = '{}', contextCustomizers = set[[empty]], contextLoader = 'org.springframework.test.context.support.DelegatingSmartContextLoader', parent = [null]], attributes = map[[empty]]], class annotated with @DirtiesContext [false] with mode [null].
2019-03-07 12:15:58 DEBUG GenericApplicationContext:1002 - Closing org.springframework.context.support.GenericApplicationContext@7fac631b, started on Thu Mar 07 12:15:57 CST 2019
2019-03-07 12:36:01  INFO DefaultTestContextBootstrapper:248 - Loaded default TestExecutionListener class names from location [META-INF/spring.factories]: [org.springframework.test.context.web.ServletTestExecutionListener, org.springframework.test.context.support.DirtiesContextBeforeModesTestExecutionListener, org.springframework.test.context.support.DependencyInjectionTestExecutionListener, org.springframework.test.context.support.DirtiesContextTestExecutionListener, org.springframework.test.context.transaction.TransactionalTestExecutionListener, org.springframework.test.context.jdbc.SqlScriptsTestExecutionListener]
2019-03-07 12:36:01  INFO DefaultTestContextBootstrapper:177 - Using TestExecutionListeners: [org.springframework.test.context.support.DirtiesContextBeforeModesTestExecutionListener@e25b2fe, org.springframework.test.context.support.DependencyInjectionTestExecutionListener@754ba872, org.springframework.test.context.support.DirtiesContextTestExecutionListener@146ba0ac]
2019-03-07 12:36:02  INFO UserDao:10 - 连接数据库。。。
2019-03-07 12:36:02  INFO UserDao:11 - 开始进行插入操作
2019-03-07 12:56:25  INFO DefaultTestContextBootstrapper:248 - Loaded default TestExecutionListener class names from location [META-INF/spring.factories]: [org.springframework.test.context.web.ServletTestExecutionListener, org.springframework.test.context.support.DirtiesContextBeforeModesTestExecutionListener, org.springframework.test.context.support.DependencyInjectionTestExecutionListener, org.springframework.test.context.support.DirtiesContextTestExecutionListener, org.springframework.test.context.transaction.TransactionalTestExecutionListener, org.springframework.test.context.jdbc.SqlScriptsTestExecutionListener]
2019-03-07 12:56:25  INFO DefaultTestContextBootstrapper:177 - Using TestExecutionListeners: [org.springframework.test.context.support.DirtiesContextBeforeModesTestExecutionListener@146ba0ac, org.springframework.test.context.support.DependencyInjectionTestExecutionListener@4dfa3a9d, org.springframework.test.context.support.DirtiesContextTestExecutionListener@6eebc39e]
2019-03-07 12:56:26  INFO UserDao:10 - 连接数据库。。。
2019-03-07 12:56:26  INFO UserDao:12 - 开始进行插入操作
2019-03-07 12:58:18  INFO DefaultTestContextBootstrapper:248 - Loaded default TestExecutionListener class names from location [META-INF/spring.factories]: [org.springframework.test.context.web.ServletTestExecutionListener, org.springframework.test.context.support.DirtiesContextBeforeModesTestExecutionListener, org.springframework.test.context.support.DependencyInjectionTestExecutionListener, org.springframework.test.context.support.DirtiesContextTestExecutionListener, org.springframework.test.context.transaction.TransactionalTestExecutionListener, org.springframework.test.context.jdbc.SqlScriptsTestExecutionListener]
2019-03-07 12:58:18  INFO DefaultTestContextBootstrapper:177 - Using TestExecutionListeners: [org.springframework.test.context.support.DirtiesContextBeforeModesTestExecutionListener@6093dd95, org.springframework.test.context.support.DependencyInjectionTestExecutionListener@5622fdf, org.springframework.test.context.support.DirtiesContextTestExecutionListener@4883b407]
2019-03-07 12:58:19  INFO UserDao:10 - 连接数据库
2019-03-07 12:58:19  INFO UserDao:12 - 开始进入插入操作
2019-03-07 12:58:30  INFO DefaultTestContextBootstrapper:248 - Loaded default TestExecutionListener class names from location [META-INF/spring.factories]: [org.springframework.test.context.web.ServletTestExecutionListener, org.springframework.test.context.support.DirtiesContextBeforeModesTestExecutionListener, org.springframework.test.context.support.DependencyInjectionTestExecutionListener, org.springframework.test.context.support.DirtiesContextTestExecutionListener, org.springframework.test.context.transaction.TransactionalTestExecutionListener, org.springframework.test.context.jdbc.SqlScriptsTestExecutionListener]
2019-03-07 12:58:30  INFO DefaultTestContextBootstrapper:177 - Using TestExecutionListeners: [org.springframework.test.context.support.DirtiesContextBeforeModesTestExecutionListener@6093dd95, org.springframework.test.context.support.DependencyInjectionTestExecutionListener@5622fdf, org.springframework.test.context.support.DirtiesContextTestExecutionListener@4883b407]
2019-03-07 12:58:31  INFO UserDao:10 - 连接数据库
2019-03-07 12:58:31  INFO UserDao:12 - 开始进入插入操作
